<?xml version="1.0" encoding="UTF-8"?>
<!-- Generated by org.testng.reporters.JUnitXMLReporter -->
<testsuite ignored="1" hostname="DESKTOP-OIGKK4C" failures="1" tests="4" name="Basic Flow" time="10.315" errors="0" timestamp="2022-03-07T16:19:03 CST">
  <testcase classname="BasicFlow.LandingPage" name="basePage" time="7.107"/>
  <testcase classname="BasicFlow.LandingPage" name="userdetailsAdd" time="0.382"/>
  <testcase classname="BasicFlow.LandingPage" name="userdetailsEdit" time="0.783"/>
  <testcase classname="BasicFlow.LandingPage" name="userdetailsValidation" time="0.158">
    <failure type="java.lang.ArrayIndexOutOfBoundsException" message="Index 1 out of bounds for length 1">
      <![CDATA[java.lang.ArrayIndexOutOfBoundsException: Index 1 out of bounds for length 1
at BasicFlow.LandingPage.userdetailsValidation(LandingPage.java:146)
at java.base/java.util.ArrayList.forEach(ArrayList.java:1541)
... Removed 27 stack frames]]>
    </failure>
  </testcase> <!-- userdetailsValidation -->
  <testcase classname="BasicFlow.LandingPage" name="userdetailsWipeOut" time="0.0">
    <ignored/>
  </testcase> <!-- userdetailsWipeOut -->
</testsuite> <!-- Basic Flow -->
