<?xml version="1.0" encoding="UTF-8"?>
<!-- Generated by org.testng.reporters.JUnitXMLReporter -->
<testsuite ignored="0" hostname="DESKTOP-OIGKK4C" failures="1" tests="5" name="Test" time="4.871" errors="0" timestamp="2022-03-09T14:50:39 CST">
  <testcase classname="org.basic.business.flow.LandingPage" name="basePage" time="1.643">
    <failure type="java.lang.AssertionError" message="expected [Employees - Paylocity Benefit Dashboard] but found [Employees - Paylocity Benefits Dashboard]">
      <![CDATA[java.lang.AssertionError: expected [Employees - Paylocity Benefit Dashboard] but found [Employees - Paylocity Benefits Dashboard]
at org.basic.business.flow.LandingPage.basePage(LandingPage.java:54)
at java.base/java.util.ArrayList.forEach(ArrayList.java:1541)
... Removed 33 stack frames]]>
    </failure>
  </testcase> <!-- basePage -->
  <testcase classname="org.basic.business.flow.LandingPage" name="userdetailsAdd" time="0.407"/>
  <testcase classname="org.basic.business.flow.LandingPage" name="userdetailsEdit" time="0.523"/>
  <testcase classname="org.basic.business.flow.LandingPage" name="userdetailsValidation" time="0.14"/>
  <testcase classname="org.basic.business.flow.LandingPage" name="userdetailsWipeOut" time="0.09"/>
</testsuite> <!-- Test -->
