<?xml version="1.0" encoding="UTF-8"?>
<!-- Generated by org.testng.reporters.JUnitXMLReporter -->
<testsuite ignored="0" hostname="DESKTOP-OIGKK4C" failures="0" tests="5" name="Test" time="10.512" errors="0" timestamp="2022-03-09T10:53:42 CST">
  <testcase classname="BasicFlow.LandingPage" name="basePage" time="6.889"/>
  <testcase classname="BasicFlow.LandingPage" name="userdetailsAdd" time="0.356"/>
  <testcase classname="BasicFlow.LandingPage" name="userdetailsEdit" time="0.872"/>
  <testcase classname="BasicFlow.LandingPage" name="userdetailsValidation" time="0.231"/>
  <testcase classname="BasicFlow.LandingPage" name="userdetailsWipeOut" time="0.139"/>
</testsuite> <!-- Test -->
