<?xml version="1.0" encoding="UTF-8"?>
<!-- Generated by org.testng.reporters.JUnitXMLReporter -->
<testsuite ignored="0" hostname="DESKTOP-OIGKK4C" failures="0" tests="5" name="Test" time="4.961" errors="0" timestamp="2022-03-08T15:27:58 CST">
  <testcase classname="BasicFlow.LandingPage" name="basePage" time="1.692"/>
  <testcase classname="BasicFlow.LandingPage" name="userdetailsAdd" time="0.407"/>
  <testcase classname="BasicFlow.LandingPage" name="userdetailsEdit" time="0.633"/>
  <testcase classname="BasicFlow.LandingPage" name="userdetailsValidation" time="0.106"/>
  <testcase classname="BasicFlow.LandingPage" name="userdetailsWipeOut" time="0.204"/>
</testsuite> <!-- Test -->
