<?xml version="1.0" encoding="UTF-8"?>
<testng-results ignored="0" total="1" passed="1" failed="0" skipped="0">
  <reporter-output>
  </reporter-output>
  <suite started-at="2022-02-28T17:12:44 CST" name="Surefire suite" finished-at="2022-02-28T17:12:44 CST" duration-ms="67">
    <groups>
    </groups>
    <test started-at="2022-02-28T17:12:44 CST" name="Surefire test" finished-at="2022-02-28T17:12:44 CST" duration-ms="67">
      <class name="BasicFlow.AppTest">
        <test-method signature="shouldAnswerWithTrue()" started-at="2022-02-28T17:12:44 CST" name="shouldAnswerWithTrue" finished-at="2022-02-28T17:12:44 CST" duration-ms="6" status="PASS">
          <reporter-output>
          </reporter-output>
        </test-method> <!-- shouldAnswerWithTrue -->
      </class> <!-- BasicFlow.AppTest -->
    </test> <!-- Surefire test -->
  </suite> <!-- Surefire suite -->
</testng-results>
